\BOOKMARK [0][-]{chapter.1}{\376\377\0001\000\040\000H\000i\000e\000r\000a\000r\000c\000h\000i\000c\000a\000l\000\040\000I\000n\000d\000e\000x}{}% 1
\BOOKMARK [1][-]{section.1.1}{\376\377\0001\000.\0001\000\040\000C\000l\000a\000s\000s\000\040\000H\000i\000e\000r\000a\000r\000c\000h\000y}{chapter.1}% 2
\BOOKMARK [0][-]{chapter.2}{\376\377\0002\000\040\000D\000a\000t\000a\000\040\000S\000t\000r\000u\000c\000t\000u\000r\000e\000\040\000I\000n\000d\000e\000x}{}% 3
\BOOKMARK [1][-]{section.2.1}{\376\377\0002\000.\0001\000\040\000D\000a\000t\000a\000\040\000S\000t\000r\000u\000c\000t\000u\000r\000e\000s}{chapter.2}% 4
\BOOKMARK [0][-]{chapter.3}{\376\377\0003\000\040\000F\000i\000l\000e\000\040\000I\000n\000d\000e\000x}{}% 5
\BOOKMARK [1][-]{section.3.1}{\376\377\0003\000.\0001\000\040\000F\000i\000l\000e\000\040\000L\000i\000s\000t}{chapter.3}% 6
\BOOKMARK [0][-]{chapter.4}{\376\377\0004\000\040\000D\000a\000t\000a\000\040\000S\000t\000r\000u\000c\000t\000u\000r\000e\000\040\000D\000o\000c\000u\000m\000e\000n\000t\000a\000t\000i\000o\000n}{}% 7
\BOOKMARK [1][-]{section.4.1}{\376\377\0004\000.\0001\000\040\000c\000p\000o\000i\000n\000t\000\040\000S\000t\000r\000u\000c\000t\000\040\000R\000e\000f\000e\000r\000e\000n\000c\000e}{chapter.4}% 8
\BOOKMARK [2][-]{subsection.4.1.1}{\376\377\0004\000.\0001\000.\0001\000\040\000F\000i\000e\000l\000d\000\040\000D\000o\000c\000u\000m\000e\000n\000t\000a\000t\000i\000o\000n}{section.4.1}% 9
\BOOKMARK [3][-]{subsubsection.4.1.1.1}{\376\377\0004\000.\0001\000.\0001\000.\0001\000\040\000i\000d}{subsection.4.1.1}% 10
\BOOKMARK [3][-]{subsubsection.4.1.1.2}{\376\377\0004\000.\0001\000.\0001\000.\0002\000\040\000x}{subsection.4.1.1}% 11
\BOOKMARK [3][-]{subsubsection.4.1.1.3}{\376\377\0004\000.\0001\000.\0001\000.\0003\000\040\000y}{subsection.4.1.1}% 12
\BOOKMARK [3][-]{subsubsection.4.1.1.4}{\376\377\0004\000.\0001\000.\0001\000.\0004\000\040\000z}{subsection.4.1.1}% 13
\BOOKMARK [1][-]{section.4.2}{\376\377\0004\000.\0002\000\040\000c\000u\000b\000e\000\040\000S\000t\000r\000u\000c\000t\000\040\000R\000e\000f\000e\000r\000e\000n\000c\000e}{chapter.4}% 14
\BOOKMARK [2][-]{subsection.4.2.1}{\376\377\0004\000.\0002\000.\0001\000\040\000F\000i\000e\000l\000d\000\040\000D\000o\000c\000u\000m\000e\000n\000t\000a\000t\000i\000o\000n}{section.4.2}% 15
\BOOKMARK [3][-]{subsubsection.4.2.1.1}{\376\377\0004\000.\0002\000.\0001\000.\0001\000\040\000c\000e\000n}{subsection.4.2.1}% 16
\BOOKMARK [3][-]{subsubsection.4.2.1.2}{\376\377\0004\000.\0002\000.\0001\000.\0002\000\040\000d\000x}{subsection.4.2.1}% 17
\BOOKMARK [3][-]{subsubsection.4.2.1.3}{\376\377\0004\000.\0002\000.\0001\000.\0003\000\040\000d\000y}{subsection.4.2.1}% 18
\BOOKMARK [3][-]{subsubsection.4.2.1.4}{\376\377\0004\000.\0002\000.\0001\000.\0004\000\040\000d\000z}{subsection.4.2.1}% 19
\BOOKMARK [3][-]{subsubsection.4.2.1.5}{\376\377\0004\000.\0002\000.\0001\000.\0005\000\040\000i\000d\000s}{subsection.4.2.1}% 20
\BOOKMARK [1][-]{section.4.3}{\376\377\0004\000.\0003\000\040\000D\000i\000s\000p\000H\000e\000l\000p\000\040\000C\000l\000a\000s\000s\000\040\000R\000e\000f\000e\000r\000e\000n\000c\000e}{chapter.4}% 21
\BOOKMARK [2][-]{subsection.4.3.1}{\376\377\0004\000.\0003\000.\0001\000\040\000C\000o\000n\000s\000t\000r\000u\000c\000t\000o\000r\000\040\000\046\000\040\000D\000e\000s\000t\000r\000u\000c\000t\000o\000r\000\040\000D\000o\000c\000u\000m\000e\000n\000t\000a\000t\000i\000o\000n}{section.4.3}% 22
\BOOKMARK [3][-]{subsubsection.4.3.1.1}{\376\377\0004\000.\0003\000.\0001\000.\0001\000\040\000D\000i\000s\000p\000H\000e\000l\000p\000\050\000\051}{subsection.4.3.1}% 23
\BOOKMARK [3][-]{subsubsection.4.3.1.2}{\376\377\0004\000.\0003\000.\0001\000.\0002\000\040\000\040\000D\000i\000s\000p\000H\000e\000l\000p\000\050\000\051}{subsection.4.3.1}% 24
\BOOKMARK [2][-]{subsection.4.3.2}{\376\377\0004\000.\0003\000.\0002\000\040\000M\000e\000m\000b\000e\000r\000\040\000F\000u\000n\000c\000t\000i\000o\000n\000\040\000D\000o\000c\000u\000m\000e\000n\000t\000a\000t\000i\000o\000n}{section.4.3}% 25
\BOOKMARK [3][-]{subsubsection.4.3.2.1}{\376\377\0004\000.\0003\000.\0002\000.\0001\000\040\000a\000d\000d\000E\000x\000a\000m\000p\000l\000e\000\050\000\051}{subsection.4.3.2}% 26
\BOOKMARK [3][-]{subsubsection.4.3.2.2}{\376\377\0004\000.\0003\000.\0002\000.\0002\000\040\000a\000d\000d\000H\000e\000a\000d\000I\000n\000f\000o\000\050\000\051}{subsection.4.3.2}% 27
\BOOKMARK [3][-]{subsubsection.4.3.2.3}{\376\377\0004\000.\0003\000.\0002\000.\0003\000\040\000a\000d\000d\000O\000p\000t\000i\000o\000n\000\050\000\051}{subsection.4.3.2}% 28
\BOOKMARK [3][-]{subsubsection.4.3.2.4}{\376\377\0004\000.\0003\000.\0002\000.\0004\000\040\000a\000d\000d\000O\000p\000t\000i\000o\000n\000S\000e\000c\000\050\000\051}{subsection.4.3.2}% 29
\BOOKMARK [3][-]{subsubsection.4.3.2.5}{\376\377\0004\000.\0003\000.\0002\000.\0005\000\040\000a\000d\000d\000U\000s\000a\000g\000e\000\050\000\051}{subsection.4.3.2}% 30
\BOOKMARK [3][-]{subsubsection.4.3.2.6}{\376\377\0004\000.\0003\000.\0002\000.\0006\000\040\000c\000h\000a\000n\000g\000e\000L\000a\000y\000e\000r\000O\000u\000t\000\050\000\051}{subsection.4.3.2}% 31
\BOOKMARK [3][-]{subsubsection.4.3.2.7}{\376\377\0004\000.\0003\000.\0002\000.\0007\000\040\000s\000h\000o\000w\000\050\000\051}{subsection.4.3.2}% 32
\BOOKMARK [2][-]{subsection.4.3.3}{\376\377\0004\000.\0003\000.\0003\000\040\000F\000i\000e\000l\000d\000\040\000D\000o\000c\000u\000m\000e\000n\000t\000a\000t\000i\000o\000n}{section.4.3}% 33
\BOOKMARK [3][-]{subsubsection.4.3.3.1}{\376\377\0004\000.\0003\000.\0003\000.\0001\000\040\000a\000u\000t\000h\000o\000r}{subsection.4.3.3}% 34
\BOOKMARK [3][-]{subsubsection.4.3.3.2}{\376\377\0004\000.\0003\000.\0003\000.\0002\000\040\000b\000a\000c\000k\000\137\000s\000p\000a\000c\000e}{subsection.4.3.3}% 35
\BOOKMARK [3][-]{subsubsection.4.3.3.3}{\376\377\0004\000.\0003\000.\0003\000.\0003\000\040\000d\000e\000s\000c\000r\000i\000p\000t}{subsection.4.3.3}% 36
\BOOKMARK [3][-]{subsubsection.4.3.3.4}{\376\377\0004\000.\0003\000.\0003\000.\0004\000\040\000e\000x\000\137\000n\000a\000m\000e}{subsection.4.3.3}% 37
\BOOKMARK [3][-]{subsubsection.4.3.3.5}{\376\377\0004\000.\0003\000.\0003\000.\0005\000\040\000e\000x\000a\000m\000p\000l\000e\000s}{subsection.4.3.3}% 38
\BOOKMARK [3][-]{subsubsection.4.3.3.6}{\376\377\0004\000.\0003\000.\0003\000.\0006\000\040\000f\000r\000o\000n\000t\000\137\000s\000p\000a\000c\000e}{subsection.4.3.3}% 39
\BOOKMARK [3][-]{subsubsection.4.3.3.7}{\376\377\0004\000.\0003\000.\0003\000.\0007\000\040\000o\000p\000t\000i\000o\000n\000s}{subsection.4.3.3}% 40
\BOOKMARK [3][-]{subsubsection.4.3.3.8}{\376\377\0004\000.\0003\000.\0003\000.\0008\000\040\000u\000s\000a\000g\000e\000s}{subsection.4.3.3}% 41
\BOOKMARK [3][-]{subsubsection.4.3.3.9}{\376\377\0004\000.\0003\000.\0003\000.\0009\000\040\000v\000e\000r\000s\000i\000o\000n}{subsection.4.3.3}% 42
\BOOKMARK [1][-]{section.4.4}{\376\377\0004\000.\0004\000\040\000G\000M\0003\000D\000\040\000C\000l\000a\000s\000s\000\040\000R\000e\000f\000e\000r\000e\000n\000c\000e}{chapter.4}% 43
\BOOKMARK [2][-]{subsection.4.4.1}{\376\377\0004\000.\0004\000.\0001\000\040\000C\000o\000n\000s\000t\000r\000u\000c\000t\000o\000r\000\040\000\046\000\040\000D\000e\000s\000t\000r\000u\000c\000t\000o\000r\000\040\000D\000o\000c\000u\000m\000e\000n\000t\000a\000t\000i\000o\000n}{section.4.4}% 44
\BOOKMARK [3][-]{subsubsection.4.4.1.1}{\376\377\0004\000.\0004\000.\0001\000.\0001\000\040\000G\000M\0003\000D\000\050\000\051}{subsection.4.4.1}% 45
\BOOKMARK [3][-]{subsubsection.4.4.1.2}{\376\377\0004\000.\0004\000.\0001\000.\0002\000\040\000\040\000G\000M\0003\000D\000\050\000\051}{subsection.4.4.1}% 46
\BOOKMARK [2][-]{subsection.4.4.2}{\376\377\0004\000.\0004\000.\0002\000\040\000M\000e\000m\000b\000e\000r\000\040\000F\000u\000n\000c\000t\000i\000o\000n\000\040\000D\000o\000c\000u\000m\000e\000n\000t\000a\000t\000i\000o\000n}{section.4.4}% 47
\BOOKMARK [3][-]{subsubsection.4.4.2.1}{\376\377\0004\000.\0004\000.\0002\000.\0001\000\040\000A\000d\000d\000I\000n\000t\000e\000r\000f\000a\000c\000e\000B\000l\000o\000c\000k\000\050\000\051}{subsection.4.4.2}% 48
\BOOKMARK [3][-]{subsubsection.4.4.2.2}{\376\377\0004\000.\0004\000.\0002\000.\0002\000\040\000A\000d\000d\000M\000o\000d\000e\000l\000s\000\050\000\051}{subsection.4.4.2}% 49
\BOOKMARK [3][-]{subsubsection.4.4.2.3}{\376\377\0004\000.\0004\000.\0002\000.\0003\000\040\000A\000d\000d\000R\000e\000g\000u\000l\000a\000r\000B\000l\000o\000c\000k\000\050\000\051}{subsection.4.4.2}% 50
\BOOKMARK [3][-]{subsubsection.4.4.2.4}{\376\377\0004\000.\0004\000.\0002\000.\0004\000\040\000A\000d\000d\000S\000p\000h\000e\000r\000e\000B\000l\000o\000c\000k\000\050\000\051}{subsection.4.4.2}% 51
\BOOKMARK [3][-]{subsubsection.4.4.2.5}{\376\377\0004\000.\0004\000.\0002\000.\0005\000\040\000A\000d\000d\000T\000i\000l\000t\000e\000d\000B\000l\000o\000c\000k\000\050\000\051}{subsection.4.4.2}% 52
\BOOKMARK [3][-]{subsubsection.4.4.2.6}{\376\377\0004\000.\0004\000.\0002\000.\0006\000\040\000B\000u\000i\000l\000d\000R\000e\000g\000u\000l\000a\000r\000G\000r\000i\000d\000\050\000\051}{subsection.4.4.2}% 53
\BOOKMARK [3][-]{subsubsection.4.4.2.7}{\376\377\0004\000.\0004\000.\0002\000.\0007\000\040\000F\000o\000r\000w\000a\000r\000d\000D\000e\000l\000t\000a\000T\000\050\000\051}{subsection.4.4.2}% 54
\BOOKMARK [3][-]{subsubsection.4.4.2.8}{\376\377\0004\000.\0004\000.\0002\000.\0008\000\040\000F\000o\000r\000w\000a\000r\000d\000D\000e\000l\000t\000a\000T\000x\000\050\000\051}{subsection.4.4.2}% 55
\BOOKMARK [3][-]{subsubsection.4.4.2.9}{\376\377\0004\000.\0004\000.\0002\000.\0009\000\040\000F\000o\000r\000w\000a\000r\000d\000D\000e\000l\000t\000a\000T\000y\000\050\000\051}{subsection.4.4.2}% 56
\BOOKMARK [3][-]{subsubsection.4.4.2.10}{\376\377\0004\000.\0004\000.\0002\000.\0001\0000\000\040\000F\000o\000r\000w\000a\000r\000d\000D\000e\000l\000t\000a\000T\000z\000\050\000\051}{subsection.4.4.2}% 57
\BOOKMARK [3][-]{subsubsection.4.4.2.11}{\376\377\0004\000.\0004\000.\0002\000.\0001\0001\000\040\000F\000o\000r\000w\000a\000r\000d\000H\000a\000x\000\050\000\051}{subsection.4.4.2}% 58
\BOOKMARK [3][-]{subsubsection.4.4.2.12}{\376\377\0004\000.\0004\000.\0002\000.\0001\0002\000\040\000F\000o\000r\000w\000a\000r\000d\000H\000a\000y\000\050\000\051}{subsection.4.4.2}% 59
\BOOKMARK [3][-]{subsubsection.4.4.2.13}{\376\377\0004\000.\0004\000.\0002\000.\0001\0003\000\040\000F\000o\000r\000w\000a\000r\000d\000V\000z\000\050\000\051}{subsection.4.4.2}% 60
\BOOKMARK [3][-]{subsubsection.4.4.2.14}{\376\377\0004\000.\0004\000.\0002\000.\0001\0004\000\040\000F\000o\000r\000w\000a\000r\000d\000V\000z\000x\000\050\000\051}{subsection.4.4.2}% 61
\BOOKMARK [3][-]{subsubsection.4.4.2.15}{\376\377\0004\000.\0004\000.\0002\000.\0001\0005\000\040\000F\000o\000r\000w\000a\000r\000d\000V\000z\000y\000\050\000\051}{subsection.4.4.2}% 62
\BOOKMARK [3][-]{subsubsection.4.4.2.16}{\376\377\0004\000.\0004\000.\0002\000.\0001\0006\000\040\000F\000o\000r\000w\000a\000r\000d\000V\000z\000z\000\050\000\051}{subsection.4.4.2}% 63
\BOOKMARK [3][-]{subsubsection.4.4.2.17}{\376\377\0004\000.\0004\000.\0002\000.\0001\0007\000\040\000F\000o\000r\000w\000a\000r\000d\000Z\000a\000\050\000\051}{subsection.4.4.2}% 64
\BOOKMARK [3][-]{subsubsection.4.4.2.18}{\376\377\0004\000.\0004\000.\0002\000.\0001\0008\000\040\000I\000n\000i\000t\000O\000b\000s\000\050\000\051}{subsection.4.4.2}% 65
\BOOKMARK [3][-]{subsubsection.4.4.2.19}{\376\377\0004\000.\0004\000.\0002\000.\0001\0009\000\040\000O\000u\000t\000M\000s\000h\000F\000i\000l\000e\000\050\000\051}{subsection.4.4.2}% 66
\BOOKMARK [3][-]{subsubsection.4.4.2.20}{\376\377\0004\000.\0004\000.\0002\000.\0002\0000\000\040\000O\000u\000t\000N\000e\000i\000g\000h\000b\000o\000r\000F\000i\000l\000e\000\050\000\051}{subsection.4.4.2}% 67
\BOOKMARK [3][-]{subsubsection.4.4.2.21}{\376\377\0004\000.\0004\000.\0002\000.\0002\0001\000\040\000O\000u\000t\000O\000b\000s\000\050\000\051}{subsection.4.4.2}% 68
\BOOKMARK [3][-]{subsubsection.4.4.2.22}{\376\377\0004\000.\0004\000.\0002\000.\0002\0002\000\040\000R\000e\000a\000d\000M\000o\000d\000e\000l\000\050\000\051}{subsection.4.4.2}% 69
\BOOKMARK [3][-]{subsubsection.4.4.2.23}{\376\377\0004\000.\0004\000.\0002\000.\0002\0003\000\040\000R\000e\000g\000i\000s\000t\000e\000r\000e\000d\000O\000u\000p\000u\000t\000\050\000\051}{subsection.4.4.2}% 70
\BOOKMARK [2][-]{subsection.4.4.3}{\376\377\0004\000.\0004\000.\0003\000\040\000F\000i\000e\000l\000d\000\040\000D\000o\000c\000u\000m\000e\000n\000t\000a\000t\000i\000o\000n}{section.4.4}% 71
\BOOKMARK [3][-]{subsubsection.4.4.3.1}{\376\377\0004\000.\0004\000.\0003\000.\0001\000\040\000e\000l\000e\000\137\000d\000a\000t\000a\000\137\000o\000u\000t\000\137\000m\000a\000p\000\137}{subsection.4.4.3}% 72
\BOOKMARK [3][-]{subsubsection.4.4.3.2}{\376\377\0004\000.\0004\000.\0003\000.\0002\000\040\000f\000o\000r\000w\000a\000r\000d\000\137\000m\000o\000d\000e\000l\000\137}{subsection.4.4.3}% 73
\BOOKMARK [3][-]{subsubsection.4.4.3.3}{\376\377\0004\000.\0004\000.\0003\000.\0003\000\040\000i\000n\000p\000u\000t\000\137\000m\000o\000d\000e\000l\000\137\000n\000a\000m\000e\000s\000\137}{subsection.4.4.3}% 74
\BOOKMARK [3][-]{subsubsection.4.4.3.4}{\376\377\0004\000.\0004\000.\0003\000.\0004\000\040\000i\000n\000p\000u\000t\000\137\000m\000o\000d\000e\000l\000s\000\137}{subsection.4.4.3}% 75
\BOOKMARK [3][-]{subsubsection.4.4.3.5}{\376\377\0004\000.\0004\000.\0003\000.\0005\000\040\000m\000o\000d\000e\000l\000\137\000b\000l\000o\000c\000k\000\137\000v\000a\000l\000\137}{subsection.4.4.3}% 76
\BOOKMARK [3][-]{subsubsection.4.4.3.6}{\376\377\0004\000.\0004\000.\0003\000.\0006\000\040\000m\000o\000d\000e\000l\000\137\000c\000u\000b\000e\000\137}{subsection.4.4.3}% 77
\BOOKMARK [3][-]{subsubsection.4.4.3.7}{\376\377\0004\000.\0004\000.\0003\000.\0007\000\040\000m\000o\000d\000e\000l\000\137\000c\000u\000b\000e\000\137\000n\000e\000i\000g\000h\000b\000o\000r\000\137}{subsection.4.4.3}% 78
\BOOKMARK [3][-]{subsubsection.4.4.3.8}{\376\377\0004\000.\0004\000.\0003\000.\0008\000\040\000m\000o\000d\000e\000l\000\137\000l\000i\000s\000t\000\137}{subsection.4.4.3}% 79
\BOOKMARK [3][-]{subsubsection.4.4.3.9}{\376\377\0004\000.\0004\000.\0003\000.\0009\000\040\000m\000o\000d\000e\000l\000\137\000n\000u\000m\000\137}{subsection.4.4.3}% 80
\BOOKMARK [3][-]{subsubsection.4.4.3.10}{\376\377\0004\000.\0004\000.\0003\000.\0001\0000\000\040\000m\000o\000d\000e\000l\000\137\000v\000e\000r\000t\000\137}{subsection.4.4.3}% 81
\BOOKMARK [3][-]{subsubsection.4.4.3.11}{\376\377\0004\000.\0004\000.\0003\000.\0001\0001\000\040\000m\000o\000d\000e\000l\000\137\000v\000e\000r\000t\000\137\000n\000e\000i\000g\000h\000b\000o\000r\000\137}{subsection.4.4.3}% 82
\BOOKMARK [3][-]{subsubsection.4.4.3.12}{\376\377\0004\000.\0004\000.\0003\000.\0001\0002\000\040\000o\000b\000s\000\137\000n\000u\000m\000\137}{subsection.4.4.3}% 83
\BOOKMARK [3][-]{subsubsection.4.4.3.13}{\376\377\0004\000.\0004\000.\0003\000.\0001\0003\000\040\000o\000b\000s\000\137\000p\000\137}{subsection.4.4.3}% 84
\BOOKMARK [3][-]{subsubsection.4.4.3.14}{\376\377\0004\000.\0004\000.\0003\000.\0001\0004\000\040\000o\000u\000t\000\137\000e\000l\000e\000\137\000d\000a\000t\000a\000\137\000i\000d\000s\000\137}{subsection.4.4.3}% 85
\BOOKMARK [3][-]{subsubsection.4.4.3.15}{\376\377\0004\000.\0004\000.\0003\000.\0001\0005\000\040\000o\000u\000t\000\137\000e\000l\000e\000\137\000i\000d\000s\000\137}{subsection.4.4.3}% 86
\BOOKMARK [3][-]{subsubsection.4.4.3.16}{\376\377\0004\000.\0004\000.\0003\000.\0001\0006\000\040\000o\000u\000t\000\137\000v\000e\000r\000t\000\137\000i\000d\000s\000\137}{subsection.4.4.3}% 87
\BOOKMARK [3][-]{subsubsection.4.4.3.17}{\376\377\0004\000.\0004\000.\0003\000.\0001\0007\000\040\000v\000e\000r\000t\000\137\000n\000u\000m\000\137}{subsection.4.4.3}% 88
\BOOKMARK [3][-]{subsubsection.4.4.3.18}{\376\377\0004\000.\0004\000.\0003\000.\0001\0008\000\040\000v\000e\000r\000t\000\137\000o\000u\000t\000\137\000m\000a\000p\000\137}{subsection.4.4.3}% 89
\BOOKMARK [1][-]{section.4.5}{\376\377\0004\000.\0005\000\040\000m\000o\000d\000e\000l\000i\000s\000t\000\040\000S\000t\000r\000u\000c\000t\000\040\000R\000e\000f\000e\000r\000e\000n\000c\000e}{chapter.4}% 90
\BOOKMARK [2][-]{subsection.4.5.1}{\376\377\0004\000.\0005\000.\0001\000\040\000F\000i\000e\000l\000d\000\040\000D\000o\000c\000u\000m\000e\000n\000t\000a\000t\000i\000o\000n}{section.4.5}% 91
\BOOKMARK [3][-]{subsubsection.4.5.1.1}{\376\377\0004\000.\0005\000.\0001\000.\0001\000\040\000m\000o\000d\000\137\000p\000a\000r\000a}{subsection.4.5.1}% 92
\BOOKMARK [3][-]{subsubsection.4.5.1.2}{\376\377\0004\000.\0005\000.\0001\000.\0002\000\040\000m\000o\000d\000\137\000t\000y\000p\000e}{subsection.4.5.1}% 93
\BOOKMARK [3][-]{subsubsection.4.5.1.3}{\376\377\0004\000.\0005\000.\0001\000.\0003\000\040\000m\000o\000d\000\137\000v\000a\000l\000u\000e}{subsection.4.5.1}% 94
\BOOKMARK [3][-]{subsubsection.4.5.1.4}{\376\377\0004\000.\0005\000.\0001\000.\0004\000\040\000v\000a\000l\000\137\000t\000y\000p\000e}{subsection.4.5.1}% 95
\BOOKMARK [1][-]{section.4.6}{\376\377\0004\000.\0006\000\040\000o\000b\000s\000p\000o\000i\000n\000t\000\040\000S\000t\000r\000u\000c\000t\000\040\000R\000e\000f\000e\000r\000e\000n\000c\000e}{chapter.4}% 96
\BOOKMARK [2][-]{subsection.4.6.1}{\376\377\0004\000.\0006\000.\0001\000\040\000F\000i\000e\000l\000d\000\040\000D\000o\000c\000u\000m\000e\000n\000t\000a\000t\000i\000o\000n}{section.4.6}% 97
\BOOKMARK [3][-]{subsubsection.4.6.1.1}{\376\377\0004\000.\0006\000.\0001\000.\0001\000\040\000d\000e\000v}{subsection.4.6.1}% 98
\BOOKMARK [3][-]{subsubsection.4.6.1.2}{\376\377\0004\000.\0006\000.\0001\000.\0002\000\040\000v\000a\000l}{subsection.4.6.1}% 99
\BOOKMARK [1][-]{section.4.7}{\376\377\0004\000.\0007\000\040\000o\000p\000t\000i\000o\000n\000\040\000S\000t\000r\000u\000c\000t\000\040\000R\000e\000f\000e\000r\000e\000n\000c\000e}{chapter.4}% 100
\BOOKMARK [2][-]{subsection.4.7.1}{\376\377\0004\000.\0007\000.\0001\000\040\000C\000o\000n\000s\000t\000r\000u\000c\000t\000o\000r\000\040\000\046\000\040\000D\000e\000s\000t\000r\000u\000c\000t\000o\000r\000\040\000D\000o\000c\000u\000m\000e\000n\000t\000a\000t\000i\000o\000n}{section.4.7}% 101
\BOOKMARK [3][-]{subsubsection.4.7.1.1}{\376\377\0004\000.\0007\000.\0001\000.\0001\000\040\000o\000p\000t\000i\000o\000n\000\050\000\051}{subsection.4.7.1}% 102
\BOOKMARK [2][-]{subsection.4.7.2}{\376\377\0004\000.\0007\000.\0002\000\040\000F\000i\000e\000l\000d\000\040\000D\000o\000c\000u\000m\000e\000n\000t\000a\000t\000i\000o\000n}{section.4.7}% 103
\BOOKMARK [3][-]{subsubsection.4.7.2.1}{\376\377\0004\000.\0007\000.\0002\000.\0001\000\040\000f\000l\000a\000g\000\137\000l}{subsection.4.7.2}% 104
\BOOKMARK [3][-]{subsubsection.4.7.2.2}{\376\377\0004\000.\0007\000.\0002\000.\0002\000\040\000f\000l\000a\000g\000\137\000s}{subsection.4.7.2}% 105
\BOOKMARK [3][-]{subsubsection.4.7.2.3}{\376\377\0004\000.\0007\000.\0002\000.\0003\000\040\000m\000e\000s\000s\000a\000g\000e}{subsection.4.7.2}% 106
\BOOKMARK [3][-]{subsubsection.4.7.2.4}{\376\377\0004\000.\0007\000.\0002\000.\0004\000\040\000s\000e\000c\000\137\000m\000e\000s\000s\000a\000g\000e}{subsection.4.7.2}% 107
\BOOKMARK [1][-]{section.4.8}{\376\377\0004\000.\0008\000\040\000P\000r\000o\000g\000r\000e\000s\000s\000B\000a\000r\000\040\000C\000l\000a\000s\000s\000\040\000R\000e\000f\000e\000r\000e\000n\000c\000e}{chapter.4}% 108
\BOOKMARK [2][-]{subsection.4.8.1}{\376\377\0004\000.\0008\000.\0001\000\040\000C\000o\000n\000s\000t\000r\000u\000c\000t\000o\000r\000\040\000\046\000\040\000D\000e\000s\000t\000r\000u\000c\000t\000o\000r\000\040\000D\000o\000c\000u\000m\000e\000n\000t\000a\000t\000i\000o\000n}{section.4.8}% 109
\BOOKMARK [3][-]{subsubsection.4.8.1.1}{\376\377\0004\000.\0008\000.\0001\000.\0001\000\040\000P\000r\000o\000g\000r\000e\000s\000s\000B\000a\000r\000\050\000\051\000\040\000[\0001\000/\0002\000]}{subsection.4.8.1}% 110
\BOOKMARK [3][-]{subsubsection.4.8.1.2}{\376\377\0004\000.\0008\000.\0001\000.\0002\000\040\000P\000r\000o\000g\000r\000e\000s\000s\000B\000a\000r\000\050\000\051\000\040\000[\0002\000/\0002\000]}{subsection.4.8.1}% 111
\BOOKMARK [2][-]{subsection.4.8.2}{\376\377\0004\000.\0008\000.\0002\000\040\000M\000e\000m\000b\000e\000r\000\040\000F\000u\000n\000c\000t\000i\000o\000n\000\040\000D\000o\000c\000u\000m\000e\000n\000t\000a\000t\000i\000o\000n}{section.4.8}% 112
\BOOKMARK [3][-]{subsubsection.4.8.2.1}{\376\377\0004\000.\0008\000.\0002\000.\0001\000\040\000C\000l\000e\000a\000r\000B\000a\000r\000F\000i\000e\000l\000d\000\050\000\051}{subsection.4.8.2}% 113
\BOOKMARK [3][-]{subsubsection.4.8.2.2}{\376\377\0004\000.\0008\000.\0002\000.\0002\000\040\000G\000e\000t\000B\000a\000r\000L\000e\000n\000g\000t\000h\000\050\000\051}{subsection.4.8.2}% 114
\BOOKMARK [3][-]{subsubsection.4.8.2.3}{\376\377\0004\000.\0008\000.\0002\000.\0003\000\040\000G\000e\000t\000C\000o\000n\000s\000o\000l\000e\000W\000i\000d\000t\000h\000\050\000\051}{subsection.4.8.2}% 115
\BOOKMARK [3][-]{subsubsection.4.8.2.4}{\376\377\0004\000.\0008\000.\0002\000.\0004\000\040\000P\000r\000o\000g\000r\000e\000s\000s\000e\000d\000\050\000\051}{subsection.4.8.2}% 116
\BOOKMARK [3][-]{subsubsection.4.8.2.5}{\376\377\0004\000.\0008\000.\0002\000.\0005\000\040\000S\000e\000t\000F\000r\000e\000q\000u\000e\000n\000c\000y\000U\000p\000d\000a\000t\000e\000\050\000\051}{subsection.4.8.2}% 117
\BOOKMARK [3][-]{subsubsection.4.8.2.6}{\376\377\0004\000.\0008\000.\0002\000.\0006\000\040\000S\000e\000t\000S\000t\000y\000l\000e\000\050\000\051}{subsection.4.8.2}% 118
\BOOKMARK [2][-]{subsection.4.8.3}{\376\377\0004\000.\0008\000.\0003\000\040\000F\000i\000e\000l\000d\000\040\000D\000o\000c\000u\000m\000e\000n\000t\000a\000t\000i\000o\000n}{section.4.8}% 119
\BOOKMARK [3][-]{subsubsection.4.8.3.1}{\376\377\0004\000.\0008\000.\0003\000.\0001\000\040\000d\000e\000s\000c\000\137\000w\000i\000d\000t\000h}{subsection.4.8.3}% 120
\BOOKMARK [3][-]{subsubsection.4.8.3.2}{\376\377\0004\000.\0008\000.\0003\000.\0002\000\040\000d\000e\000s\000c\000r\000i\000p\000t\000i\000o\000n}{subsection.4.8.3}% 121
\BOOKMARK [3][-]{subsubsection.4.8.3.3}{\376\377\0004\000.\0008\000.\0003\000.\0003\000\040\000f\000r\000e\000q\000u\000e\000n\000c\000y\000\137\000u\000p\000d\000a\000t\000e}{subsection.4.8.3}% 122
\BOOKMARK [3][-]{subsubsection.4.8.3.4}{\376\377\0004\000.\0008\000.\0003\000.\0004\000\040\000n}{subsection.4.8.3}% 123
\BOOKMARK [3][-]{subsubsection.4.8.3.5}{\376\377\0004\000.\0008\000.\0003\000.\0005\000\040\000o\000u\000t}{subsection.4.8.3}% 124
\BOOKMARK [3][-]{subsubsection.4.8.3.6}{\376\377\0004\000.\0008\000.\0003\000.\0006\000\040\000u\000n\000i\000t\000\137\000b\000a\000r}{subsection.4.8.3}% 125
\BOOKMARK [3][-]{subsubsection.4.8.3.7}{\376\377\0004\000.\0008\000.\0003\000.\0007\000\040\000u\000n\000i\000t\000\137\000s\000p\000a\000c\000e}{subsection.4.8.3}% 126
\BOOKMARK [0][-]{chapter.5}{\376\377\0005\000\040\000F\000i\000l\000e\000\040\000D\000o\000c\000u\000m\000e\000n\000t\000a\000t\000i\000o\000n}{}% 127
\BOOKMARK [1][-]{section.5.1}{\376\377\0005\000.\0001\000\040\000/\000U\000s\000e\000r\000s\000/\000z\000h\000a\000n\000g\000y\000i\000/\000D\000o\000c\000u\000m\000e\000n\000t\000s\000/\000G\000i\000t\000H\000u\000b\000/\000T\000o\000o\000l\000b\000o\000x\000/\000g\000m\0003\000d\000/\000s\000r\000c\000/\000a\000d\000d\000\137\000i\000n\000t\000e\000r\000f\000a\000c\000e\000\137\000b\000l\000o\000c\000k\000.\000c\000p\000p\000\040\000F\000i\000l\000e\000\040\000R\000e\000f\000e\000r\000e\000n\000c\000e}{chapter.5}% 128
\BOOKMARK [1][-]{section.5.2}{\376\377\0005\000.\0002\000\040\000/\000U\000s\000e\000r\000s\000/\000z\000h\000a\000n\000g\000y\000i\000/\000D\000o\000c\000u\000m\000e\000n\000t\000s\000/\000G\000i\000t\000H\000u\000b\000/\000T\000o\000o\000l\000b\000o\000x\000/\000g\000m\0003\000d\000/\000s\000r\000c\000/\000a\000d\000d\000\137\000m\000o\000d\000e\000l\000s\000.\000c\000p\000p\000\040\000F\000i\000l\000e\000\040\000R\000e\000f\000e\000r\000e\000n\000c\000e}{chapter.5}% 129
\BOOKMARK [1][-]{section.5.3}{\376\377\0005\000.\0003\000\040\000/\000U\000s\000e\000r\000s\000/\000z\000h\000a\000n\000g\000y\000i\000/\000D\000o\000c\000u\000m\000e\000n\000t\000s\000/\000G\000i\000t\000H\000u\000b\000/\000T\000o\000o\000l\000b\000o\000x\000/\000g\000m\0003\000d\000/\000s\000r\000c\000/\000a\000d\000d\000\137\000r\000e\000g\000u\000l\000a\000r\000\137\000b\000l\000o\000c\000k\000.\000c\000p\000p\000\040\000F\000i\000l\000e\000\040\000R\000e\000f\000e\000r\000e\000n\000c\000e}{chapter.5}% 130
\BOOKMARK [1][-]{section.5.4}{\376\377\0005\000.\0004\000\040\000/\000U\000s\000e\000r\000s\000/\000z\000h\000a\000n\000g\000y\000i\000/\000D\000o\000c\000u\000m\000e\000n\000t\000s\000/\000G\000i\000t\000H\000u\000b\000/\000T\000o\000o\000l\000b\000o\000x\000/\000g\000m\0003\000d\000/\000s\000r\000c\000/\000a\000d\000d\000\137\000s\000p\000h\000e\000r\000e\000\137\000b\000l\000o\000c\000k\000.\000c\000p\000p\000\040\000F\000i\000l\000e\000\040\000R\000e\000f\000e\000r\000e\000n\000c\000e}{chapter.5}% 131
\BOOKMARK [1][-]{section.5.5}{\376\377\0005\000.\0005\000\040\000/\000U\000s\000e\000r\000s\000/\000z\000h\000a\000n\000g\000y\000i\000/\000D\000o\000c\000u\000m\000e\000n\000t\000s\000/\000G\000i\000t\000H\000u\000b\000/\000T\000o\000o\000l\000b\000o\000x\000/\000g\000m\0003\000d\000/\000s\000r\000c\000/\000a\000d\000d\000\137\000t\000i\000l\000t\000e\000d\000\137\000b\000l\000o\000c\000k\000.\000c\000p\000p\000\040\000F\000i\000l\000e\000\040\000R\000e\000f\000e\000r\000e\000n\000c\000e}{chapter.5}% 132
\BOOKMARK [1][-]{section.5.6}{\376\377\0005\000.\0006\000\040\000/\000U\000s\000e\000r\000s\000/\000z\000h\000a\000n\000g\000y\000i\000/\000D\000o\000c\000u\000m\000e\000n\000t\000s\000/\000G\000i\000t\000H\000u\000b\000/\000T\000o\000o\000l\000b\000o\000x\000/\000g\000m\0003\000d\000/\000s\000r\000c\000/\000b\000u\000i\000l\000d\000\137\000r\000e\000g\000u\000l\000a\000r\000\137\000g\000r\000i\000d\000.\000c\000p\000p\000\040\000F\000i\000l\000e\000\040\000R\000e\000f\000e\000r\000e\000n\000c\000e}{chapter.5}% 133
\BOOKMARK [1][-]{section.5.7}{\376\377\0005\000.\0007\000\040\000/\000U\000s\000e\000r\000s\000/\000z\000h\000a\000n\000g\000y\000i\000/\000D\000o\000c\000u\000m\000e\000n\000t\000s\000/\000G\000i\000t\000H\000u\000b\000/\000T\000o\000o\000l\000b\000o\000x\000/\000g\000m\0003\000d\000/\000s\000r\000c\000/\000d\000i\000s\000p\000\137\000h\000e\000l\000p\000.\000c\000p\000p\000\040\000F\000i\000l\000e\000\040\000R\000e\000f\000e\000r\000e\000n\000c\000e}{chapter.5}% 134
\BOOKMARK [1][-]{section.5.8}{\376\377\0005\000.\0008\000\040\000/\000U\000s\000e\000r\000s\000/\000z\000h\000a\000n\000g\000y\000i\000/\000D\000o\000c\000u\000m\000e\000n\000t\000s\000/\000G\000i\000t\000H\000u\000b\000/\000T\000o\000o\000l\000b\000o\000x\000/\000g\000m\0003\000d\000/\000s\000r\000c\000/\000d\000i\000s\000p\000\137\000h\000e\000l\000p\000.\000h\000\040\000F\000i\000l\000e\000\040\000R\000e\000f\000e\000r\000e\000n\000c\000e}{chapter.5}% 135
\BOOKMARK [2][-]{subsection.5.8.1}{\376\377\0005\000.\0008\000.\0001\000\040\000T\000y\000p\000e\000d\000e\000f\000\040\000D\000o\000c\000u\000m\000e\000n\000t\000a\000t\000i\000o\000n}{section.5.8}% 136
\BOOKMARK [3][-]{subsubsection.5.8.1.1}{\376\377\0005\000.\0008\000.\0001\000.\0001\000\040\000o\000p\000A\000r\000r\000a\000y}{subsection.5.8.1}% 137
\BOOKMARK [3][-]{subsubsection.5.8.1.2}{\376\377\0005\000.\0008\000.\0001\000.\0002\000\040\000s\000t\000r\000A\000r\000r\000a\000y}{subsection.5.8.1}% 138
\BOOKMARK [1][-]{section.5.9}{\376\377\0005\000.\0009\000\040\000/\000U\000s\000e\000r\000s\000/\000z\000h\000a\000n\000g\000y\000i\000/\000D\000o\000c\000u\000m\000e\000n\000t\000s\000/\000G\000i\000t\000H\000u\000b\000/\000T\000o\000o\000l\000b\000o\000x\000/\000g\000m\0003\000d\000/\000s\000r\000c\000/\000f\000o\000r\000w\000a\000r\000d\000\137\000d\000e\000l\000t\000a\000\137\000t\000.\000c\000p\000p\000\040\000F\000i\000l\000e\000\040\000R\000e\000f\000e\000r\000e\000n\000c\000e}{chapter.5}% 139
\BOOKMARK [1][-]{section.5.10}{\376\377\0005\000.\0001\0000\000\040\000/\000U\000s\000e\000r\000s\000/\000z\000h\000a\000n\000g\000y\000i\000/\000D\000o\000c\000u\000m\000e\000n\000t\000s\000/\000G\000i\000t\000H\000u\000b\000/\000T\000o\000o\000l\000b\000o\000x\000/\000g\000m\0003\000d\000/\000s\000r\000c\000/\000f\000o\000r\000w\000a\000r\000d\000\137\000d\000e\000l\000t\000a\000\137\000t\000x\000.\000c\000p\000p\000\040\000F\000i\000l\000e\000\040\000R\000e\000f\000e\000r\000e\000n\000c\000e}{chapter.5}% 140
\BOOKMARK [1][-]{section.5.11}{\376\377\0005\000.\0001\0001\000\040\000/\000U\000s\000e\000r\000s\000/\000z\000h\000a\000n\000g\000y\000i\000/\000D\000o\000c\000u\000m\000e\000n\000t\000s\000/\000G\000i\000t\000H\000u\000b\000/\000T\000o\000o\000l\000b\000o\000x\000/\000g\000m\0003\000d\000/\000s\000r\000c\000/\000f\000o\000r\000w\000a\000r\000d\000\137\000d\000e\000l\000t\000a\000\137\000t\000y\000.\000c\000p\000p\000\040\000F\000i\000l\000e\000\040\000R\000e\000f\000e\000r\000e\000n\000c\000e}{chapter.5}% 141
\BOOKMARK [1][-]{section.5.12}{\376\377\0005\000.\0001\0002\000\040\000/\000U\000s\000e\000r\000s\000/\000z\000h\000a\000n\000g\000y\000i\000/\000D\000o\000c\000u\000m\000e\000n\000t\000s\000/\000G\000i\000t\000H\000u\000b\000/\000T\000o\000o\000l\000b\000o\000x\000/\000g\000m\0003\000d\000/\000s\000r\000c\000/\000f\000o\000r\000w\000a\000r\000d\000\137\000d\000e\000l\000t\000a\000\137\000t\000z\000.\000c\000p\000p\000\040\000F\000i\000l\000e\000\040\000R\000e\000f\000e\000r\000e\000n\000c\000e}{chapter.5}% 142
\BOOKMARK [1][-]{section.5.13}{\376\377\0005\000.\0001\0003\000\040\000/\000U\000s\000e\000r\000s\000/\000z\000h\000a\000n\000g\000y\000i\000/\000D\000o\000c\000u\000m\000e\000n\000t\000s\000/\000G\000i\000t\000H\000u\000b\000/\000T\000o\000o\000l\000b\000o\000x\000/\000g\000m\0003\000d\000/\000s\000r\000c\000/\000f\000o\000r\000w\000a\000r\000d\000\137\000h\000a\000x\000.\000c\000p\000p\000\040\000F\000i\000l\000e\000\040\000R\000e\000f\000e\000r\000e\000n\000c\000e}{chapter.5}% 143
\BOOKMARK [1][-]{section.5.14}{\376\377\0005\000.\0001\0004\000\040\000/\000U\000s\000e\000r\000s\000/\000z\000h\000a\000n\000g\000y\000i\000/\000D\000o\000c\000u\000m\000e\000n\000t\000s\000/\000G\000i\000t\000H\000u\000b\000/\000T\000o\000o\000l\000b\000o\000x\000/\000g\000m\0003\000d\000/\000s\000r\000c\000/\000f\000o\000r\000w\000a\000r\000d\000\137\000h\000a\000y\000.\000c\000p\000p\000\040\000F\000i\000l\000e\000\040\000R\000e\000f\000e\000r\000e\000n\000c\000e}{chapter.5}% 144
\BOOKMARK [1][-]{section.5.15}{\376\377\0005\000.\0001\0005\000\040\000/\000U\000s\000e\000r\000s\000/\000z\000h\000a\000n\000g\000y\000i\000/\000D\000o\000c\000u\000m\000e\000n\000t\000s\000/\000G\000i\000t\000H\000u\000b\000/\000T\000o\000o\000l\000b\000o\000x\000/\000g\000m\0003\000d\000/\000s\000r\000c\000/\000f\000o\000r\000w\000a\000r\000d\000\137\000v\000z\000.\000c\000p\000p\000\040\000F\000i\000l\000e\000\040\000R\000e\000f\000e\000r\000e\000n\000c\000e}{chapter.5}% 145
\BOOKMARK [1][-]{section.5.16}{\376\377\0005\000.\0001\0006\000\040\000/\000U\000s\000e\000r\000s\000/\000z\000h\000a\000n\000g\000y\000i\000/\000D\000o\000c\000u\000m\000e\000n\000t\000s\000/\000G\000i\000t\000H\000u\000b\000/\000T\000o\000o\000l\000b\000o\000x\000/\000g\000m\0003\000d\000/\000s\000r\000c\000/\000f\000o\000r\000w\000a\000r\000d\000\137\000v\000z\000x\000.\000c\000p\000p\000\040\000F\000i\000l\000e\000\040\000R\000e\000f\000e\000r\000e\000n\000c\000e}{chapter.5}% 146
\BOOKMARK [1][-]{section.5.17}{\376\377\0005\000.\0001\0007\000\040\000/\000U\000s\000e\000r\000s\000/\000z\000h\000a\000n\000g\000y\000i\000/\000D\000o\000c\000u\000m\000e\000n\000t\000s\000/\000G\000i\000t\000H\000u\000b\000/\000T\000o\000o\000l\000b\000o\000x\000/\000g\000m\0003\000d\000/\000s\000r\000c\000/\000f\000o\000r\000w\000a\000r\000d\000\137\000v\000z\000y\000.\000c\000p\000p\000\040\000F\000i\000l\000e\000\040\000R\000e\000f\000e\000r\000e\000n\000c\000e}{chapter.5}% 147
\BOOKMARK [1][-]{section.5.18}{\376\377\0005\000.\0001\0008\000\040\000/\000U\000s\000e\000r\000s\000/\000z\000h\000a\000n\000g\000y\000i\000/\000D\000o\000c\000u\000m\000e\000n\000t\000s\000/\000G\000i\000t\000H\000u\000b\000/\000T\000o\000o\000l\000b\000o\000x\000/\000g\000m\0003\000d\000/\000s\000r\000c\000/\000f\000o\000r\000w\000a\000r\000d\000\137\000v\000z\000z\000.\000c\000p\000p\000\040\000F\000i\000l\000e\000\040\000R\000e\000f\000e\000r\000e\000n\000c\000e}{chapter.5}% 148
\BOOKMARK [1][-]{section.5.19}{\376\377\0005\000.\0001\0009\000\040\000/\000U\000s\000e\000r\000s\000/\000z\000h\000a\000n\000g\000y\000i\000/\000D\000o\000c\000u\000m\000e\000n\000t\000s\000/\000G\000i\000t\000H\000u\000b\000/\000T\000o\000o\000l\000b\000o\000x\000/\000g\000m\0003\000d\000/\000s\000r\000c\000/\000f\000o\000r\000w\000a\000r\000d\000\137\000z\000a\000.\000c\000p\000p\000\040\000F\000i\000l\000e\000\040\000R\000e\000f\000e\000r\000e\000n\000c\000e}{chapter.5}% 149
\BOOKMARK [1][-]{section.5.20}{\376\377\0005\000.\0002\0000\000\040\000/\000U\000s\000e\000r\000s\000/\000z\000h\000a\000n\000g\000y\000i\000/\000D\000o\000c\000u\000m\000e\000n\000t\000s\000/\000G\000i\000t\000H\000u\000b\000/\000T\000o\000o\000l\000b\000o\000x\000/\000g\000m\0003\000d\000/\000s\000r\000c\000/\000g\000m\0003\000d\000.\000h\000\040\000F\000i\000l\000e\000\040\000R\000e\000f\000e\000r\000e\000n\000c\000e}{chapter.5}% 150
\BOOKMARK [1][-]{section.5.21}{\376\377\0005\000.\0002\0001\000\040\000/\000U\000s\000e\000r\000s\000/\000z\000h\000a\000n\000g\000y\000i\000/\000D\000o\000c\000u\000m\000e\000n\000t\000s\000/\000G\000i\000t\000H\000u\000b\000/\000T\000o\000o\000l\000b\000o\000x\000/\000g\000m\0003\000d\000/\000s\000r\000c\000/\000h\000e\000a\000d\000\137\000f\000u\000n\000c\000.\000c\000p\000p\000\040\000F\000i\000l\000e\000\040\000R\000e\000f\000e\000r\000e\000n\000c\000e}{chapter.5}% 151
\BOOKMARK [2][-]{subsection.5.21.1}{\376\377\0005\000.\0002\0001\000.\0001\000\040\000F\000u\000n\000c\000t\000i\000o\000n\000\040\000D\000o\000c\000u\000m\000e\000n\000t\000a\000t\000i\000o\000n}{section.5.21}% 152
\BOOKMARK [3][-]{subsubsection.5.21.1.1}{\376\377\0005\000.\0002\0001\000.\0001\000.\0001\000\040\000a\000r\000c\000t\000g\000\050\000\051}{subsection.5.21.1}% 153
\BOOKMARK [3][-]{subsubsection.5.21.1.2}{\376\377\0005\000.\0002\0001\000.\0001\000.\0002\000\040\000c\000p\000o\000i\000n\000t\000\137\000i\000d\000\050\000\051}{subsection.5.21.1}% 154
\BOOKMARK [3][-]{subsubsection.5.21.1.3}{\376\377\0005\000.\0002\0001\000.\0001\000.\0003\000\040\000g\000r\000i\000d\000\137\000i\000n\000t\000e\000r\000p\000o\000l\000a\000t\000e\000\050\000\051}{subsection.5.21.1}% 155
\BOOKMARK [3][-]{subsubsection.5.21.1.4}{\376\377\0005\000.\0002\0001\000.\0001\000.\0004\000\040\000m\000o\000d\000C\000p\000o\000i\000n\000t\000\050\000\051}{subsection.5.21.1}% 156
\BOOKMARK [3][-]{subsubsection.5.21.1.5}{\376\377\0005\000.\0002\0001\000.\0001\000.\0005\000\040\000o\000p\000e\000n\000\137\000i\000n\000f\000i\000l\000e\000\050\000\051}{subsection.5.21.1}% 157
\BOOKMARK [3][-]{subsubsection.5.21.1.6}{\376\377\0005\000.\0002\0001\000.\0001\000.\0006\000\040\000o\000p\000e\000n\000\137\000o\000u\000t\000f\000i\000l\000e\000\050\000\051}{subsection.5.21.1}% 158
\BOOKMARK [3][-]{subsubsection.5.21.1.7}{\376\377\0005\000.\0002\0001\000.\0001\000.\0007\000\040\000o\000p\000e\000r\000a\000t\000o\000r\000\040\000-\000\050\000\051}{subsection.5.21.1}% 159
\BOOKMARK [3][-]{subsubsection.5.21.1.8}{\376\377\0005\000.\0002\0001\000.\0001\000.\0008\000\040\000s\000t\000r\0002\000s\000s\000\050\000\051}{subsection.5.21.1}% 160
\BOOKMARK [1][-]{section.5.22}{\376\377\0005\000.\0002\0002\000\040\000/\000U\000s\000e\000r\000s\000/\000z\000h\000a\000n\000g\000y\000i\000/\000D\000o\000c\000u\000m\000e\000n\000t\000s\000/\000G\000i\000t\000H\000u\000b\000/\000T\000o\000o\000l\000b\000o\000x\000/\000g\000m\0003\000d\000/\000s\000r\000c\000/\000h\000e\000a\000d\000\137\000f\000u\000n\000c\000.\000h\000\040\000F\000i\000l\000e\000\040\000R\000e\000f\000e\000r\000e\000n\000c\000e}{chapter.5}% 161
\BOOKMARK [2][-]{subsection.5.22.1}{\376\377\0005\000.\0002\0002\000.\0001\000\040\000M\000a\000c\000r\000o\000\040\000D\000e\000f\000i\000n\000i\000t\000i\000o\000n\000\040\000D\000o\000c\000u\000m\000e\000n\000t\000a\000t\000i\000o\000n}{section.5.22}% 162
\BOOKMARK [3][-]{subsubsection.5.22.1.1}{\376\377\0005\000.\0002\0002\000.\0001\000.\0001\000\040\000B\000D\000L\000\137\000M\000A\000X}{subsection.5.22.1}% 163
\BOOKMARK [3][-]{subsubsection.5.22.1.2}{\376\377\0005\000.\0002\0002\000.\0001\000.\0002\000\040\000B\000D\000L\000\137\000M\000I\000N}{subsection.5.22.1}% 164
\BOOKMARK [3][-]{subsubsection.5.22.1.3}{\376\377\0005\000.\0002\0002\000.\0001\000.\0003\000\040\000B\000O\000L\000D\000B\000L\000U\000E}{subsection.5.22.1}% 165
\BOOKMARK [3][-]{subsubsection.5.22.1.4}{\376\377\0005\000.\0002\0002\000.\0001\000.\0004\000\040\000B\000O\000L\000D\000G\000R\000E\000E\000N}{subsection.5.22.1}% 166
\BOOKMARK [3][-]{subsubsection.5.22.1.5}{\376\377\0005\000.\0002\0002\000.\0001\000.\0005\000\040\000B\000O\000L\000D\000R\000E\000D}{subsection.5.22.1}% 167
\BOOKMARK [3][-]{subsubsection.5.22.1.6}{\376\377\0005\000.\0002\0002\000.\0001\000.\0006\000\040\000B\000O\000L\000D\000Y\000E\000L\000L\000O\000W}{subsection.5.22.1}% 168
\BOOKMARK [3][-]{subsubsection.5.22.1.7}{\376\377\0005\000.\0002\0002\000.\0001\000.\0007\000\040\000C\000L\000E\000A\000R\000A\000L\000L}{subsection.5.22.1}% 169
\BOOKMARK [3][-]{subsubsection.5.22.1.8}{\376\377\0005\000.\0002\0002\000.\0001\000.\0008\000\040\000C\000L\000E\000A\000R\000L\000I\000N\000E}{subsection.5.22.1}% 170
\BOOKMARK [3][-]{subsubsection.5.22.1.9}{\376\377\0005\000.\0002\0002\000.\0001\000.\0009\000\040\000G\0000}{subsection.5.22.1}% 171
\BOOKMARK [3][-]{subsubsection.5.22.1.10}{\376\377\0005\000.\0002\0002\000.\0001\000.\0001\0000\000\040\000M\000A\000X}{subsection.5.22.1}% 172
\BOOKMARK [3][-]{subsubsection.5.22.1.11}{\376\377\0005\000.\0002\0002\000.\0001\000.\0001\0001\000\040\000M\000I\000N}{subsection.5.22.1}% 173
\BOOKMARK [3][-]{subsubsection.5.22.1.12}{\376\377\0005\000.\0002\0002\000.\0001\000.\0001\0002\000\040\000M\000O\000V\000E\000D\000O\000W\000N}{subsection.5.22.1}% 174
\BOOKMARK [3][-]{subsubsection.5.22.1.13}{\376\377\0005\000.\0002\0002\000.\0001\000.\0001\0003\000\040\000M\000O\000V\000E\000L\000E\000F\000T}{subsection.5.22.1}% 175
\BOOKMARK [3][-]{subsubsection.5.22.1.14}{\376\377\0005\000.\0002\0002\000.\0001\000.\0001\0004\000\040\000M\000O\000V\000E\000R\000I\000G\000H\000T}{subsection.5.22.1}% 176
\BOOKMARK [3][-]{subsubsection.5.22.1.15}{\376\377\0005\000.\0002\0002\000.\0001\000.\0001\0005\000\040\000M\000O\000V\000E\000T\000O}{subsection.5.22.1}% 177
\BOOKMARK [3][-]{subsubsection.5.22.1.16}{\376\377\0005\000.\0002\0002\000.\0001\000.\0001\0006\000\040\000M\000O\000V\000E\000U\000P}{subsection.5.22.1}% 178
\BOOKMARK [3][-]{subsubsection.5.22.1.17}{\376\377\0005\000.\0002\0002\000.\0001\000.\0001\0007\000\040\000P\000i}{subsection.5.22.1}% 179
\BOOKMARK [3][-]{subsubsection.5.22.1.18}{\376\377\0005\000.\0002\0002\000.\0001\000.\0001\0008\000\040\000P\000R\000E\000C\000I\000S\000I\000O\000N}{subsection.5.22.1}% 180
\BOOKMARK [3][-]{subsubsection.5.22.1.19}{\376\377\0005\000.\0002\0002\000.\0001\000.\0001\0009\000\040\000R\000E\000S\000E\000T}{subsection.5.22.1}% 181
\BOOKMARK [3][-]{subsubsection.5.22.1.20}{\376\377\0005\000.\0002\0002\000.\0001\000.\0002\0000\000\040\000S\000e\000t\000T\000o\000B\000o\000x}{subsection.5.22.1}% 182
\BOOKMARK [3][-]{subsubsection.5.22.1.21}{\376\377\0005\000.\0002\0002\000.\0001\000.\0002\0001\000\040\000T\0000}{subsection.5.22.1}% 183
\BOOKMARK [3][-]{subsubsection.5.22.1.22}{\376\377\0005\000.\0002\0002\000.\0001\000.\0002\0002\000\040\000U\000N\000D\000E\000R\000L\000I\000N\000E}{subsection.5.22.1}% 184
\BOOKMARK [3][-]{subsubsection.5.22.1.23}{\376\377\0005\000.\0002\0002\000.\0001\000.\0002\0003\000\040\000Z\000E\000R\000O}{subsection.5.22.1}% 185
\BOOKMARK [2][-]{subsection.5.22.2}{\376\377\0005\000.\0002\0002\000.\0002\000\040\000T\000y\000p\000e\000d\000e\000f\000\040\000D\000o\000c\000u\000m\000e\000n\000t\000a\000t\000i\000o\000n}{section.5.22}% 186
\BOOKMARK [3][-]{subsubsection.5.22.2.1}{\376\377\0005\000.\0002\0002\000.\0002\000.\0001\000\040\000\137\0001\000d\000A\000r\000r\000a\000y}{subsection.5.22.2}% 187
\BOOKMARK [3][-]{subsubsection.5.22.2.2}{\376\377\0005\000.\0002\0002\000.\0002\000.\0002\000\040\000\137\0001\000i\000A\000r\000r\000a\000y}{subsection.5.22.2}% 188
\BOOKMARK [3][-]{subsubsection.5.22.2.3}{\376\377\0005\000.\0002\0002\000.\0002\000.\0003\000\040\000\137\0001\000s\000A\000r\000r\000a\000y}{subsection.5.22.2}% 189
\BOOKMARK [3][-]{subsubsection.5.22.2.4}{\376\377\0005\000.\0002\0002\000.\0002\000.\0004\000\040\000\137\0002\000d\000A\000r\000r\000a\000y}{subsection.5.22.2}% 190
\BOOKMARK [3][-]{subsubsection.5.22.2.5}{\376\377\0005\000.\0002\0002\000.\0002\000.\0005\000\040\000\137\0002\000i\000A\000r\000r\000a\000y}{subsection.5.22.2}% 191
\BOOKMARK [3][-]{subsubsection.5.22.2.6}{\376\377\0005\000.\0002\0002\000.\0002\000.\0006\000\040\000\137\000i\000n\000t\0002\000i\000n\000t\000M\000a\000p}{subsection.5.22.2}% 192
\BOOKMARK [3][-]{subsubsection.5.22.2.7}{\376\377\0005\000.\0002\0002\000.\0002\000.\0007\000\040\000\137\000s\000t\000r\0002\000p\000o\000i\000n\000t\000M\000a\000p}{subsection.5.22.2}% 193
\BOOKMARK [3][-]{subsubsection.5.22.2.8}{\376\377\0005\000.\0002\0002\000.\0002\000.\0008\000\040\000c\000p\000o\000i\000n\000t\000A\000r\000r\000a\000y}{subsection.5.22.2}% 194
\BOOKMARK [3][-]{subsubsection.5.22.2.9}{\376\377\0005\000.\0002\0002\000.\0002\000.\0009\000\040\000c\000u\000b\000e\000A\000r\000r\000a\000y}{subsection.5.22.2}% 195
\BOOKMARK [3][-]{subsubsection.5.22.2.10}{\376\377\0005\000.\0002\0002\000.\0002\000.\0001\0000\000\040\000m\000o\000d\000e\000l\000i\000s\000t\000A\000r\000r\000a\000y}{subsection.5.22.2}% 196
\BOOKMARK [3][-]{subsubsection.5.22.2.11}{\376\377\0005\000.\0002\0002\000.\0002\000.\0001\0001\000\040\000o\000b\000s\000p\000o\000i\000n\000t\000A\000r\000r\000a\000y}{subsection.5.22.2}% 197
\BOOKMARK [2][-]{subsection.5.22.3}{\376\377\0005\000.\0002\0002\000.\0003\000\040\000F\000u\000n\000c\000t\000i\000o\000n\000\040\000D\000o\000c\000u\000m\000e\000n\000t\000a\000t\000i\000o\000n}{section.5.22}% 198
\BOOKMARK [3][-]{subsubsection.5.22.3.1}{\376\377\0005\000.\0002\0002\000.\0003\000.\0001\000\040\000a\000r\000c\000t\000g\000\050\000\051}{subsection.5.22.3}% 199
\BOOKMARK [3][-]{subsubsection.5.22.3.2}{\376\377\0005\000.\0002\0002\000.\0003\000.\0002\000\040\000c\000p\000o\000i\000n\000t\000\137\000i\000d\000\050\000\051}{subsection.5.22.3}% 200
\BOOKMARK [3][-]{subsubsection.5.22.3.3}{\376\377\0005\000.\0002\0002\000.\0003\000.\0003\000\040\000g\000r\000i\000d\000\137\000i\000n\000t\000e\000r\000p\000o\000l\000a\000t\000e\000\050\000\051}{subsection.5.22.3}% 201
\BOOKMARK [3][-]{subsubsection.5.22.3.4}{\376\377\0005\000.\0002\0002\000.\0003\000.\0004\000\040\000m\000o\000d\000C\000p\000o\000i\000n\000t\000\050\000\051}{subsection.5.22.3}% 202
\BOOKMARK [3][-]{subsubsection.5.22.3.5}{\376\377\0005\000.\0002\0002\000.\0003\000.\0005\000\040\000o\000p\000e\000n\000\137\000i\000n\000f\000i\000l\000e\000\050\000\051}{subsection.5.22.3}% 203
\BOOKMARK [3][-]{subsubsection.5.22.3.6}{\376\377\0005\000.\0002\0002\000.\0003\000.\0006\000\040\000o\000p\000e\000n\000\137\000o\000u\000t\000f\000i\000l\000e\000\050\000\051}{subsection.5.22.3}% 204
\BOOKMARK [3][-]{subsubsection.5.22.3.7}{\376\377\0005\000.\0002\0002\000.\0003\000.\0007\000\040\000o\000p\000e\000r\000a\000t\000o\000r\000\040\000-\000\050\000\051}{subsection.5.22.3}% 205
\BOOKMARK [3][-]{subsubsection.5.22.3.8}{\376\377\0005\000.\0002\0002\000.\0003\000.\0008\000\040\000s\000t\000r\0002\000s\000s\000\050\000\051}{subsection.5.22.3}% 206
\BOOKMARK [1][-]{section.5.23}{\376\377\0005\000.\0002\0003\000\040\000/\000U\000s\000e\000r\000s\000/\000z\000h\000a\000n\000g\000y\000i\000/\000D\000o\000c\000u\000m\000e\000n\000t\000s\000/\000G\000i\000t\000H\000u\000b\000/\000T\000o\000o\000l\000b\000o\000x\000/\000g\000m\0003\000d\000/\000s\000r\000c\000/\000i\000n\000i\000t\000\137\000o\000b\000s\000.\000c\000p\000p\000\040\000F\000i\000l\000e\000\040\000R\000e\000f\000e\000r\000e\000n\000c\000e}{chapter.5}% 207
\BOOKMARK [1][-]{section.5.24}{\376\377\0005\000.\0002\0004\000\040\000/\000U\000s\000e\000r\000s\000/\000z\000h\000a\000n\000g\000y\000i\000/\000D\000o\000c\000u\000m\000e\000n\000t\000s\000/\000G\000i\000t\000H\000u\000b\000/\000T\000o\000o\000l\000b\000o\000x\000/\000g\000m\0003\000d\000/\000s\000r\000c\000/\000m\000a\000i\000n\000.\000c\000p\000p\000\040\000F\000i\000l\000e\000\040\000R\000e\000f\000e\000r\000e\000n\000c\000e}{chapter.5}% 208
\BOOKMARK [2][-]{subsection.5.24.1}{\376\377\0005\000.\0002\0004\000.\0001\000\040\000F\000u\000n\000c\000t\000i\000o\000n\000\040\000D\000o\000c\000u\000m\000e\000n\000t\000a\000t\000i\000o\000n}{section.5.24}% 209
\BOOKMARK [3][-]{subsubsection.5.24.1.1}{\376\377\0005\000.\0002\0004\000.\0001\000.\0001\000\040\000d\000i\000s\000p\000l\000a\000y\000\137\000h\000e\000l\000p\000\137\000i\000n\000f\000o\000\050\000\051}{subsection.5.24.1}% 210
\BOOKMARK [3][-]{subsubsection.5.24.1.2}{\376\377\0005\000.\0002\0004\000.\0001\000.\0002\000\040\000m\000a\000i\000n\000\050\000\051}{subsection.5.24.1}% 211
\BOOKMARK [1][-]{section.5.25}{\376\377\0005\000.\0002\0005\000\040\000/\000U\000s\000e\000r\000s\000/\000z\000h\000a\000n\000g\000y\000i\000/\000D\000o\000c\000u\000m\000e\000n\000t\000s\000/\000G\000i\000t\000H\000u\000b\000/\000T\000o\000o\000l\000b\000o\000x\000/\000g\000m\0003\000d\000/\000s\000r\000c\000/\000o\000u\000t\000\137\000m\000s\000h\000\137\000f\000i\000l\000e\000.\000c\000p\000p\000\040\000F\000i\000l\000e\000\040\000R\000e\000f\000e\000r\000e\000n\000c\000e}{chapter.5}% 212
\BOOKMARK [1][-]{section.5.26}{\376\377\0005\000.\0002\0006\000\040\000/\000U\000s\000e\000r\000s\000/\000z\000h\000a\000n\000g\000y\000i\000/\000D\000o\000c\000u\000m\000e\000n\000t\000s\000/\000G\000i\000t\000H\000u\000b\000/\000T\000o\000o\000l\000b\000o\000x\000/\000g\000m\0003\000d\000/\000s\000r\000c\000/\000o\000u\000t\000\137\000n\000e\000i\000g\000h\000b\000o\000r\000\137\000f\000i\000l\000e\000.\000c\000p\000p\000\040\000F\000i\000l\000e\000\040\000R\000e\000f\000e\000r\000e\000n\000c\000e}{chapter.5}% 213
\BOOKMARK [1][-]{section.5.27}{\376\377\0005\000.\0002\0007\000\040\000/\000U\000s\000e\000r\000s\000/\000z\000h\000a\000n\000g\000y\000i\000/\000D\000o\000c\000u\000m\000e\000n\000t\000s\000/\000G\000i\000t\000H\000u\000b\000/\000T\000o\000o\000l\000b\000o\000x\000/\000g\000m\0003\000d\000/\000s\000r\000c\000/\000o\000u\000t\000\137\000o\000b\000s\000.\000c\000p\000p\000\040\000F\000i\000l\000e\000\040\000R\000e\000f\000e\000r\000e\000n\000c\000e}{chapter.5}% 214
\BOOKMARK [1][-]{section.5.28}{\376\377\0005\000.\0002\0008\000\040\000/\000U\000s\000e\000r\000s\000/\000z\000h\000a\000n\000g\000y\000i\000/\000D\000o\000c\000u\000m\000e\000n\000t\000s\000/\000G\000i\000t\000H\000u\000b\000/\000T\000o\000o\000l\000b\000o\000x\000/\000g\000m\0003\000d\000/\000s\000r\000c\000/\000p\000r\000o\000g\000r\000e\000s\000s\000\137\000b\000a\000r\000.\000c\000p\000p\000\040\000F\000i\000l\000e\000\040\000R\000e\000f\000e\000r\000e\000n\000c\000e}{chapter.5}% 215
\BOOKMARK [1][-]{section.5.29}{\376\377\0005\000.\0002\0009\000\040\000/\000U\000s\000e\000r\000s\000/\000z\000h\000a\000n\000g\000y\000i\000/\000D\000o\000c\000u\000m\000e\000n\000t\000s\000/\000G\000i\000t\000H\000u\000b\000/\000T\000o\000o\000l\000b\000o\000x\000/\000g\000m\0003\000d\000/\000s\000r\000c\000/\000p\000r\000o\000g\000r\000e\000s\000s\000\137\000b\000a\000r\000.\000h\000\040\000F\000i\000l\000e\000\040\000R\000e\000f\000e\000r\000e\000n\000c\000e}{chapter.5}% 216
\BOOKMARK [2][-]{subsection.5.29.1}{\376\377\0005\000.\0002\0009\000.\0001\000\040\000M\000a\000c\000r\000o\000\040\000D\000e\000f\000i\000n\000i\000t\000i\000o\000n\000\040\000D\000o\000c\000u\000m\000e\000n\000t\000a\000t\000i\000o\000n}{section.5.29}% 217
\BOOKMARK [3][-]{subsubsection.5.29.1.1}{\376\377\0005\000.\0002\0009\000.\0001\000.\0001\000\040\000C\000H\000A\000R\000A\000C\000T\000E\000R\000\137\000W\000I\000D\000T\000H\000\137\000P\000E\000R\000C\000E\000N\000T\000A\000G\000E}{subsection.5.29.1}% 218
\BOOKMARK [3][-]{subsubsection.5.29.1.2}{\376\377\0005\000.\0002\0009\000.\0001\000.\0002\000\040\000T\000O\000T\000A\000L\000\137\000P\000E\000R\000C\000E\000N\000T\000A\000G\000E}{subsection.5.29.1}% 219
\BOOKMARK [1][-]{section.5.30}{\376\377\0005\000.\0003\0000\000\040\000/\000U\000s\000e\000r\000s\000/\000z\000h\000a\000n\000g\000y\000i\000/\000D\000o\000c\000u\000m\000e\000n\000t\000s\000/\000G\000i\000t\000H\000u\000b\000/\000T\000o\000o\000l\000b\000o\000x\000/\000g\000m\0003\000d\000/\000s\000r\000c\000/\000r\000e\000a\000d\000\137\000m\000o\000d\000e\000l\000.\000c\000p\000p\000\040\000F\000i\000l\000e\000\040\000R\000e\000f\000e\000r\000e\000n\000c\000e}{chapter.5}% 220
\BOOKMARK [1][-]{section.5.31}{\376\377\0005\000.\0003\0001\000\040\000/\000U\000s\000e\000r\000s\000/\000z\000h\000a\000n\000g\000y\000i\000/\000D\000o\000c\000u\000m\000e\000n\000t\000s\000/\000G\000i\000t\000H\000u\000b\000/\000T\000o\000o\000l\000b\000o\000x\000/\000g\000m\0003\000d\000/\000s\000r\000c\000/\000r\000e\000g\000i\000s\000t\000e\000r\000e\000d\000\137\000o\000u\000t\000p\000u\000t\000.\000c\000p\000p\000\040\000F\000i\000l\000e\000\040\000R\000e\000f\000e\000r\000e\000n\000c\000e}{chapter.5}% 221
\BOOKMARK [0][-]{section*.27}{\376\377\000I\000n\000d\000e\000x}{}% 222
